<?xml version="1.0" encoding="UTF-8"?>
<testng-results ignored="0" total="2" passed="2" failed="0" skipped="0">
  <reporter-output>
  </reporter-output>
  <suite started-at="2025-04-27T11:41:52 IST" name="Default suite" finished-at="2025-04-27T11:42:04 IST" duration-ms="11850">
    <groups>
      <group name="cucumber">
        <method signature="AbstractTestNGCucumberTests.runScenario(io.cucumber.testng.PickleWrapper,io.cucumber.testng.FeatureWrapper)[pri:0, instance:cucumberOptions.TestRunner@23348b5d]" name="runScenario" class="io.cucumber.testng.AbstractTestNGCucumberTests"/>
      </group> <!-- cucumber -->
    </groups>
    <test started-at="2025-04-27T11:41:52 IST" name="Default test" finished-at="2025-04-27T11:42:04 IST" duration-ms="11850">
      <class name="cucumberOptions.TestRunner">
        <test-method is-config="true" signature="setUpClass(org.testng.ITestContext)[pri:0, instance:cucumberOptions.TestRunner@23348b5d]" started-at="2025-04-27T11:41:53 IST" name="setUpClass" finished-at="2025-04-27T11:41:53 IST" duration-ms="558" status="PASS">
          <params>
            <param index="0">
              <value>
                <![CDATA[org.testng.TestRunner@6d6bbd35]]>
              </value>
            </param>
          </params>
          <reporter-output>
          </reporter-output>
        </test-method> <!-- setUpClass -->
        <test-method signature="runScenario(io.cucumber.testng.PickleWrapper,io.cucumber.testng.FeatureWrapper)[pri:0, instance:cucumberOptions.TestRunner@23348b5d]" started-at="2025-04-27T11:41:53 IST" name="runScenario" description="Runs Cucumber Scenarios" data-provider="scenarios" finished-at="2025-04-27T11:41:59 IST" duration-ms="6311" status="PASS">
          <params>
            <param index="0">
              <value>
                <![CDATA["Register on Automation Demo site"]]>
              </value>
            </param>
            <param index="1">
              <value>
                <![CDATA["Automation Demo Site Register"]]>
              </value>
            </param>
          </params>
          <reporter-output>
          </reporter-output>
        </test-method> <!-- runScenario -->
        <test-method signature="runScenario(io.cucumber.testng.PickleWrapper,io.cucumber.testng.FeatureWrapper)[pri:0, instance:cucumberOptions.TestRunner@23348b5d]" started-at="2025-04-27T11:41:59 IST" name="runScenario" description="Runs Cucumber Scenarios" data-provider="scenarios" finished-at="2025-04-27T11:42:04 IST" duration-ms="4904" status="PASS">
          <params>
            <param index="0">
              <value>
                <![CDATA["Register on Automation Demo site"]]>
              </value>
            </param>
            <param index="1">
              <value>
                <![CDATA["Automation Demo Site Register"]]>
              </value>
            </param>
          </params>
          <reporter-output>
          </reporter-output>
        </test-method> <!-- runScenario -->
        <test-method is-config="true" signature="tearDownClass()[pri:0, instance:cucumberOptions.TestRunner@23348b5d]" started-at="2025-04-27T11:42:04 IST" name="tearDownClass" finished-at="2025-04-27T11:42:04 IST" duration-ms="27" status="PASS">
          <reporter-output>
          </reporter-output>
        </test-method> <!-- tearDownClass -->
      </class> <!-- cucumberOptions.TestRunner -->
    </test> <!-- Default test -->
  </suite> <!-- Default suite -->
</testng-results>
